<?xml version="1.0" encoding="UTF-8"?>
<!-- Generated by org.testng.reporters.JUnitReportReporter -->
<testsuite hostname="WS010" failures="0" tests="11" name="ru.mirk.tests.MIRKTests" time="613.472" errors="0" timestamp="2025-04-11T09:55:02 MSK" skipped="0">
  <testcase classname="ru.mirk.tests.MIRKTests" name="TestNeedConsultMIRK" time="55.433"/>
  <system-out/>
  <testcase classname="ru.mirk.tests.MIRKTests" name="TestOrderConsultMIRK" time="53.405"/>
  <system-out/>
  <testcase classname="ru.mirk.tests.MIRKTests" name="TestConsultForFreeMIRK" time="53.334"/>
  <system-out/>
  <testcase classname="ru.mirk.tests.MIRKTests" name="TestGetProf20MIRK" time="54.977"/>
  <system-out/>
  <testcase classname="ru.mirk.tests.MIRKTests" name="TestCartMIRK" time="58.616"/>
  <system-out/>
  <testcase classname="ru.mirk.tests.MIRKTests" name="TestApplyToCourseMIRK" time="55.983"/>
  <system-out/>
  <testcase classname="ru.mirk.tests.MIRKTests" name="TestGiftCertMIRK" time="64.411"/>
  <system-out/>
  <testcase classname="ru.mirk.tests.MIRKTests" name="TestDodMIRK" time="54.267"/>
  <system-out/>
  <testcase classname="ru.mirk.tests.MIRKTests" name="TestCallBackMIRK" time="54.757"/>
  <system-out/>
  <testcase classname="ru.mirk.tests.MIRKTests" name="TestWrite2UstMIRK" time="53.464"/>
  <system-out/>
  <testcase classname="ru.mirk.tests.MIRKTests" name="TestDemoMIRK" time="54.825"/>
  <system-out/>
</testsuite> <!-- ru.mirk.tests.MIRKTests -->
