<?xml version="1.0" encoding="UTF-8"?>
<!-- Generated by org.testng.reporters.JUnitReportReporter -->
<testsuite hostname="WS010" failures="0" tests="12" name="ru.mzpo.tests.MzpoTests" time="596.120" errors="0" timestamp="2025-03-31T16:38:07 MSK" skipped="1">
  <testcase classname="ru.mzpo.tests.MzpoTests" name="TestSportPaket_MZPO" time="53.491"/>
  <system-out/>
  <testcase classname="ru.mzpo.tests.MzpoTests" name="TestTrialLesson_MZPO" time="54.858"/>
  <system-out/>
  <testcase classname="ru.mzpo.tests.MzpoTests" name="TestOpenDay_MZPO" time="0.250">
    <skipped/>
  </testcase> <!-- TestOpenDay_MZPO -->
  <system-out/>
  <testcase classname="ru.mzpo.tests.MzpoTests" name="TestDiscount_15_MZPO" time="54.289"/>
  <system-out/>
  <testcase classname="ru.mzpo.tests.MzpoTests" name="TestBasketPay_MZPO" time="52.967"/>
  <system-out/>
  <testcase classname="ru.mzpo.tests.MzpoTests" name="TestWrite2Us_MZPO" time="53.712"/>
  <system-out/>
  <testcase classname="ru.mzpo.tests.MzpoTests" name="TestFeedBack_MZPO" time="53.820"/>
  <system-out/>
  <testcase classname="ru.mzpo.tests.MzpoTests" name="TestNMO_MZPO" time="53.918"/>
  <system-out/>
  <testcase classname="ru.mzpo.tests.MzpoTests" name="Test13HardChoice_MZPO" time="55.484"/>
  <system-out/>
  <testcase classname="ru.mzpo.tests.MzpoTests" name="TestGiftCert_MZPO" time="53.809"/>
  <system-out/>
  <testcase classname="ru.mzpo.tests.MzpoTests" name="TestCallBack_MZPO" time="54.117"/>
  <system-out/>
  <testcase classname="ru.mzpo.tests.MzpoTests" name="TestConsult_MZPO" time="55.405"/>
  <system-out/>
</testsuite> <!-- ru.mzpo.tests.MzpoTests -->
