<?xml version="1.0" encoding="UTF-8"?>
<!-- Generated by org.testng.reporters.JUnitReportReporter -->
<testsuite hostname="WS010" failures="0" tests="11" name="ru.mirk.tests.MIRKTests" time="546.246" errors="0" timestamp="2025-03-31T16:38:07 MSK" skipped="1">
  <testcase classname="ru.mirk.tests.MIRKTests" name="TestConsultForFreeMIRK" time="53.830"/>
  <system-out/>
  <testcase classname="ru.mirk.tests.MIRKTests" name="TestGiftCertMIRK" time="53.344"/>
  <system-out/>
  <testcase classname="ru.mirk.tests.MIRKTests" name="TestApplyToCourseMIRK" time="56.048"/>
  <system-out/>
  <testcase classname="ru.mirk.tests.MIRKTests" name="TestDodMIRK" time="0.289">
    <skipped/>
  </testcase> <!-- TestDodMIRK -->
  <system-out/>
  <testcase classname="ru.mirk.tests.MIRKTests" name="TestOrderConsultMIRK" time="54.103"/>
  <system-out/>
  <testcase classname="ru.mirk.tests.MIRKTests" name="TestGetProf20MIRK" time="54.248"/>
  <system-out/>
  <testcase classname="ru.mirk.tests.MIRKTests" name="TestCartMIRK" time="57.508"/>
  <system-out/>
  <testcase classname="ru.mirk.tests.MIRKTests" name="TestCallBackMIRK" time="54.099"/>
  <system-out/>
  <testcase classname="ru.mirk.tests.MIRKTests" name="TestWrite2UstMIRK" time="53.948"/>
  <system-out/>
  <testcase classname="ru.mirk.tests.MIRKTests" name="TestDemoMIRK" time="54.372"/>
  <system-out/>
  <testcase classname="ru.mirk.tests.MIRKTests" name="TestNeedConsultMIRK" time="54.457"/>
  <system-out/>
</testsuite> <!-- ru.mirk.tests.MIRKTests -->
