<?xml version="1.0" encoding="UTF-8"?>
<!-- Generated by org.testng.reporters.JUnitReportReporter -->
<testsuite hostname="WS010" failures="0" tests="5" name="ru.education.tests.EducationTests" time="288.313" errors="0" timestamp="2025-03-31T17:45:01 MSK" skipped="0">
  <testcase classname="ru.education.tests.EducationTests" name="TestBasketApplyEDU" time="62.348"/>
  <system-out/>
  <testcase classname="ru.education.tests.EducationTests" name="TestBasketPayEDU" time="57.332"/>
  <system-out/>
  <testcase classname="ru.education.tests.EducationTests" name="TestCallBackEDU" time="55.678"/>
  <system-out/>
  <testcase classname="ru.education.tests.EducationTests" name="TestConsultEDU" time="56.943"/>
  <system-out/>
  <testcase classname="ru.education.tests.EducationTests" name="TestDiscount15EDU" time="56.012"/>
  <system-out/>
</testsuite> <!-- ru.education.tests.EducationTests -->
