<?xml version="1.0" encoding="UTF-8"?>
<!-- Generated by org.testng.reporters.JUnitReportReporter -->
<testsuite hostname="WS010" failures="0" tests="12" name="ru.mzpo.tests.MzpoTests" time="735.386" errors="0" timestamp="2025-04-11T09:55:02 MSK" skipped="0">
  <testcase classname="ru.mzpo.tests.MzpoTests" name="Test13HardChoice_MZPO" time="55.307"/>
  <system-out/>
  <testcase classname="ru.mzpo.tests.MzpoTests" name="TestBasketPay_MZPO" time="53.545"/>
  <system-out/>
  <testcase classname="ru.mzpo.tests.MzpoTests" name="TestNMO_MZPO" time="54.073"/>
  <system-out/>
  <testcase classname="ru.mzpo.tests.MzpoTests" name="TestSportPaket_MZPO" time="53.796"/>
  <system-out/>
  <testcase classname="ru.mzpo.tests.MzpoTests" name="TestTrialLesson_MZPO" time="53.517"/>
  <system-out/>
  <testcase classname="ru.mzpo.tests.MzpoTests" name="TestFeedBack_MZPO" time="55.664"/>
  <system-out/>
  <testcase classname="ru.mzpo.tests.MzpoTests" name="TestWrite2Us_MZPO" time="54.461"/>
  <system-out/>
  <testcase classname="ru.mzpo.tests.MzpoTests" name="TestDiscount_15_MZPO" time="55.345"/>
  <system-out/>
  <testcase classname="ru.mzpo.tests.MzpoTests" name="TestOpenDay_MZPO" time="94.904"/>
  <system-out/>
  <testcase classname="ru.mzpo.tests.MzpoTests" name="TestConsult_MZPO" time="55.308"/>
  <system-out/>
  <testcase classname="ru.mzpo.tests.MzpoTests" name="TestCallBack_MZPO" time="55.737"/>
  <system-out/>
  <testcase classname="ru.mzpo.tests.MzpoTests" name="TestGiftCert_MZPO" time="93.729"/>
  <system-out/>
</testsuite> <!-- ru.mzpo.tests.MzpoTests -->
