<?xml version="1.0" encoding="UTF-8"?>
<!-- Generated by org.testng.reporters.JUnitReportReporter -->
<testsuite hostname="WS010" failures="0" tests="5" name="ru.education.tests.EducationTests" time="291.427" errors="0" timestamp="2025-04-11T09:55:02 MSK" skipped="0">
  <testcase classname="ru.education.tests.EducationTests" name="TestDiscount15EDU" time="58.139"/>
  <system-out/>
  <testcase classname="ru.education.tests.EducationTests" name="TestConsultEDU" time="56.786"/>
  <system-out/>
  <testcase classname="ru.education.tests.EducationTests" name="TestBasketApplyEDU" time="61.959"/>
  <system-out/>
  <testcase classname="ru.education.tests.EducationTests" name="TestBasketPayEDU" time="57.254"/>
  <system-out/>
  <testcase classname="ru.education.tests.EducationTests" name="TestCallBackEDU" time="57.289"/>
  <system-out/>
</testsuite> <!-- ru.education.tests.EducationTests -->
